<?xml version="1.0" encoding="UTF-8"?>
<!-- Generated by org.testng.reporters.JUnitReportReporter -->
<testsuite hostname="WINAPs7cmaninFU" failures="0" tests="2" name="tests.TestsExamples" time="3.314" errors="0" timestamp="2024-12-28T23:26:05 BRT" skipped="0">
  <testcase classname="tests.TestsExamples" name="test_1" time="2.338"/>
  <testcase classname="tests.TestsExamples" name="test_2" time="0.976"/>
</testsuite> <!-- tests.TestsExamples -->
