<?xml version="1.0" encoding="UTF-8"?>
<!-- Generated by org.testng.reporters.JUnitReportReporter -->
<testsuite hostname="WINAPs7cmaninFU" failures="0" tests="1" name="tests.TestsExample" time="2.855" errors="0" timestamp="2024-12-28T23:00:32 BRT" skipped="0">
  <testcase classname="tests.TestsExample" name="test_1" time="2.855"/>
</testsuite> <!-- tests.TestsExample -->
